2023-09-28 17:06: attention_dropout: 0.3
2023-09-28 17:06: batch_size: 128
2023-09-28 17:06: cuda: True
2023-09-28 17:06: dataset: 'ogbn-products'
2023-09-28 17:06: debug: False
2023-09-28 17:06: device: 'cuda:2'
2023-09-28 17:06: dropout: 0.5
2023-09-28 17:06: encoder_attention_heads: 8
2023-09-28 17:06: encoder_embed_dim: 512
2023-09-28 17:06: encoder_ffn_embed_dim: 256
2023-09-28 17:06: encoder_normalize_before: False
2023-09-28 17:06: epoch: 1000
2023-09-28 17:06: gnn_hidden_dim: 512
2023-09-28 17:06: gw_ratio: 0.3
2023-09-28 17:06: init_memory: False
2023-09-28 17:06: log_dir: 'experiments_rebuttal'
2023-09-28 17:06: log_step: 20
2023-09-28 17:06: lr: 0.001
2023-09-28 17:06: mem_slots: 16
2023-09-28 17:06: mode: 'train'
2023-09-28 17:06: model: 'GCN_GW'
2023-09-28 17:06: node2vec_emb_dim: 128
2023-09-28 17:06: null_attention: False
2023-09-28 17:06: num_layers: 2
2023-09-28 17:06: num_parts: 15000
2023-09-28 17:06: num_steps: 3
2023-09-28 17:06: regressive: False
2023-09-28 17:06: seed: 1
2023-09-28 17:06: self_attention: True
2023-09-28 17:06: shared_memory_attention: True
2023-09-28 17:06: test_ratio: 0.2
2023-09-28 17:06: topk: 3
2023-09-28 17:06: topk_ratio: 1.0
2023-09-28 17:06: train_ratio: 0.6
2023-09-28 17:06: use_nfm: False
2023-09-28 17:06: use_topk: False
2023-09-28 17:06: valid_ratio: 0.2
2023-09-28 17:12: epoch:9/1000 loss: 0.45232769809845247
2023-09-28 17:12: test acc: 0.885750949382782
2023-09-28 17:19: epoch:19/1000 loss: 0.40894957325323283
2023-09-28 17:19: test acc: 0.8895279169082642
2023-09-28 17:26: epoch:29/1000 loss: 0.38799019831827175
2023-09-28 17:26: test acc: 0.8909100890159607
2023-09-28 17:33: epoch:39/1000 loss: 0.3759548161854653
2023-09-28 17:33: test acc: 0.8920779228210449
2023-09-28 17:39: epoch:49/1000 loss: 0.36452890494658097
2023-09-28 17:39: test acc: 0.8924923539161682
2023-09-28 17:46: epoch:59/1000 loss: 0.35888305440470514
2023-09-28 17:46: test acc: 0.8924576640129089
2023-09-28 17:53: epoch:69/1000 loss: 0.3515848035312407
2023-09-28 17:53: test acc: 0.8926332592964172
2023-09-28 18:00: epoch:79/1000 loss: 0.3482755327800213
2023-09-28 18:00: test acc: 0.8928680419921875
2023-09-28 18:07: epoch:89/1000 loss: 0.3457382897584663
2023-09-28 18:07: test acc: 0.8930864930152893
2023-09-28 18:13: epoch:99/1000 loss: 0.34265405260545
2023-09-28 18:13: test acc: 0.8928802609443665
2023-09-28 18:20: epoch:109/1000 loss: 0.33894684204069436
2023-09-28 18:20: test acc: 0.892816960811615
2023-09-28 18:27: epoch:119/1000 loss: 0.33647485614624956
2023-09-28 18:27: test acc: 0.8926475048065186
2023-09-28 18:34: epoch:129/1000 loss: 0.3334649282515704
2023-09-28 18:34: test acc: 0.8935090899467468
2023-09-28 18:41: epoch:139/1000 loss: 0.3330262204745412
2023-09-28 18:41: test acc: 0.8928659558296204
2023-09-28 18:48: epoch:149/1000 loss: 0.33017366213542637
2023-09-28 18:48: test acc: 0.8926414251327515
2023-09-28 18:55: epoch:159/1000 loss: 0.32889145053028074
2023-09-28 18:55: test acc: 0.8932355046272278
2023-09-28 19:02: epoch:169/1000 loss: 0.3274753896841404
2023-09-28 19:02: test acc: 0.8926699757575989
2023-09-28 19:09: epoch:179/1000 loss: 0.32664257793036855
2023-09-28 19:09: test acc: 0.8933519124984741
2023-09-28 19:16: epoch:189/1000 loss: 0.3259506067621563
2023-09-28 19:16: test acc: 0.893123209476471
2023-09-28 19:23: epoch:199/1000 loss: 0.323763503272711
2023-09-28 19:23: test acc: 0.8930354118347168
2023-09-28 19:30: epoch:209/1000 loss: 0.32269783964347537
2023-09-28 19:30: test acc: 0.8926924467086792
2023-09-28 19:37: epoch:219/1000 loss: 0.3224511436222701
2023-09-28 19:37: test acc: 0.8926352858543396
2023-09-28 19:43: epoch:229/1000 loss: 0.3211565936355383
2023-09-28 19:43: test acc: 0.8930742144584656
2023-09-28 19:50: epoch:239/1000 loss: 0.32155478140043303
2023-09-28 19:50: test acc: 0.8929129242897034
2023-09-28 19:57: epoch:249/1000 loss: 0.32075813769355066
2023-09-28 19:57: test acc: 0.8927516341209412
2023-09-28 20:05: epoch:259/1000 loss: 0.31951712903613955
2023-09-28 20:05: test acc: 0.8926536440849304
2023-09-28 20:11: epoch:269/1000 loss: 0.31947857645258504
2023-09-28 20:11: test acc: 0.8929415345191956
2023-09-28 20:18: epoch:279/1000 loss: 0.3170456137523713
2023-09-28 20:18: test acc: 0.8921759128570557
2023-09-28 20:26: epoch:289/1000 loss: 0.31698008212541906
2023-09-28 20:26: test acc: 0.8928210735321045
2023-09-28 20:32: epoch:299/1000 loss: 0.3155698164448992
2023-09-28 20:32: test acc: 0.8922392129898071
2023-09-28 20:39: epoch:309/1000 loss: 0.3175187671762172
2023-09-28 20:39: test acc: 0.8920840620994568
2023-09-28 20:47: epoch:319/1000 loss: 0.31410868063676145
2023-09-28 20:47: test acc: 0.8925719857215881
2023-09-28 20:54: epoch:329/1000 loss: 0.31422141183551655
2023-09-28 20:54: test acc: 0.8927353024482727
2023-09-28 21:01: epoch:339/1000 loss: 0.31396654454034323
2023-09-28 21:01: test acc: 0.892331063747406
2023-09-28 21:08: epoch:349/1000 loss: 0.31350111846233464
2023-09-28 21:08: test acc: 0.8922187685966492
2023-09-28 21:14: epoch:359/1000 loss: 0.31263424368845216
2023-09-28 21:14: test acc: 0.892092227935791
2023-09-28 21:22: epoch:369/1000 loss: 0.312169076335225
2023-09-28 21:22: test acc: 0.8927026391029358
2023-09-28 21:28: epoch:379/1000 loss: 0.31193020395697496
2023-09-28 21:28: test acc: 0.8923658132553101
2023-09-28 21:35: epoch:389/1000 loss: 0.31160517016757827
2023-09-28 21:35: test acc: 0.8926495909690857
2023-09-28 21:42: epoch:399/1000 loss: 0.31148176189555765
2023-09-28 21:42: test acc: 0.8925985097885132
2023-09-28 21:49: epoch:409/1000 loss: 0.3106993324636918
2023-09-28 21:49: test acc: 0.8924923539161682
2023-09-28 21:56: epoch:419/1000 loss: 0.3102112397919214
2023-09-28 21:56: test acc: 0.8921902179718018
2023-09-28 22:03: epoch:429/1000 loss: 0.31036848742216794
2023-09-28 22:03: test acc: 0.891904354095459
2023-09-28 22:10: epoch:439/1000 loss: 0.3097326262439274
2023-09-28 22:10: test acc: 0.8927169442176819
2023-09-28 22:17: epoch:449/1000 loss: 0.3093466896566737
2023-09-28 22:17: test acc: 0.8929660320281982
2023-09-28 22:24: epoch:459/1000 loss: 0.30901505103550964
2023-09-28 22:24: test acc: 0.8919329643249512
2023-09-28 22:31: epoch:469/1000 loss: 0.3088025031786691
2023-09-28 22:31: test acc: 0.8923025131225586
2023-09-28 22:38: epoch:479/1000 loss: 0.3079490185440901
2023-09-28 22:38: test acc: 0.8920411467552185
2023-09-28 22:45: epoch:489/1000 loss: 0.30821165744258916
2023-09-28 22:45: test acc: 0.8920758962631226
2023-09-28 22:52: epoch:499/1000 loss: 0.30740485812289925
2023-09-28 22:52: test acc: 0.891998291015625
2023-09-28 22:59: epoch:509/1000 loss: 0.30782100131572565
2023-09-28 22:59: test acc: 0.8923413157463074
2023-09-28 23:06: epoch:519/1000 loss: 0.30757863229357135
2023-09-28 23:06: test acc: 0.8918084502220154
2023-09-28 23:13: epoch:529/1000 loss: 0.3071039142025515
2023-09-28 23:13: test acc: 0.8919452428817749
2023-09-28 23:20: epoch:539/1000 loss: 0.30784957437371047
2023-09-28 23:20: test acc: 0.891724705696106
2023-09-28 23:27: epoch:549/1000 loss: 0.30687460452366155
2023-09-28 23:27: test acc: 0.8923085927963257
2023-09-28 23:34: epoch:559/1000 loss: 0.306206649937087
2023-09-28 23:34: test acc: 0.8917083740234375
2023-09-28 23:41: epoch:569/1000 loss: 0.30624644598500517
2023-09-28 23:41: test acc: 0.8918125033378601
2023-09-28 23:48: epoch:579/1000 loss: 0.30636058908962543
2023-09-28 23:48: test acc: 0.8926311731338501
2023-09-28 23:55: epoch:589/1000 loss: 0.3055425865725291
2023-09-28 23:55: test acc: 0.8914980888366699
2023-09-29 00:02: epoch:599/1000 loss: 0.30589015220192056
2023-09-29 00:02: test acc: 0.89210444688797
2023-09-29 00:09: epoch:609/1000 loss: 0.3052804566253442
2023-09-29 00:09: test acc: 0.8917573690414429
2023-09-29 00:16: epoch:619/1000 loss: 0.30603653378175066
2023-09-29 00:16: test acc: 0.8918063640594482
2023-09-29 00:23: epoch:629/1000 loss: 0.304791845303373
2023-09-29 00:23: test acc: 0.8921003937721252
2023-09-29 00:30: epoch:639/1000 loss: 0.3055498403766348
2023-09-29 00:30: test acc: 0.8917369842529297
2023-09-29 00:37: epoch:649/1000 loss: 0.3050570320173336
2023-09-29 00:37: test acc: 0.8919023275375366
2023-09-29 00:44: epoch:659/1000 loss: 0.30472492689086045
2023-09-29 00:44: test acc: 0.8916675448417664
2023-09-29 00:51: epoch:669/1000 loss: 0.30418849359998307
2023-09-29 00:51: test acc: 0.8921555280685425
2023-09-29 00:58: epoch:679/1000 loss: 0.30388188086784895
2023-09-29 00:58: test acc: 0.8916900157928467
2023-09-29 01:05: epoch:689/1000 loss: 0.3039596639770535
2023-09-29 01:05: test acc: 0.8920269012451172
2023-09-29 01:12: epoch:699/1000 loss: 0.3035049568148731
2023-09-29 01:12: test acc: 0.8921738862991333
2023-09-29 01:19: epoch:709/1000 loss: 0.3039117894425212
2023-09-29 01:19: test acc: 0.8917288184165955
2023-09-29 01:26: epoch:719/1000 loss: 0.303690256889561
2023-09-29 01:26: test acc: 0.8916859030723572
2023-09-29 01:33: epoch:729/1000 loss: 0.3034415258750074
2023-09-29 01:33: test acc: 0.8921800255775452
2023-09-29 01:40: epoch:739/1000 loss: 0.3029714245296728
2023-09-29 01:40: test acc: 0.8913960456848145
2023-09-29 01:46: epoch:749/1000 loss: 0.30350242423815205
2023-09-29 01:46: test acc: 0.8917206525802612
2023-09-29 01:53: epoch:759/1000 loss: 0.3030864767675724
2023-09-29 01:53: test acc: 0.8916818499565125
2023-09-29 02:01: epoch:769/1000 loss: 0.30205501970598825
2023-09-29 02:01: test acc: 0.8921269178390503
2023-09-29 02:08: epoch:779/1000 loss: 0.3026725056700297
2023-09-29 02:08: test acc: 0.891998291015625
2023-09-29 02:14: epoch:789/1000 loss: 0.3023888599718452
2023-09-29 02:14: test acc: 0.891998291015625
2023-09-29 02:22: epoch:799/1000 loss: 0.3022725486388564
2023-09-29 02:22: test acc: 0.8917573690414429
2023-09-29 02:28: epoch:809/1000 loss: 0.30271085273382065
2023-09-29 02:28: test acc: 0.8915491104125977
2023-09-29 02:35: epoch:819/1000 loss: 0.30341181369237596
2023-09-29 02:35: test acc: 0.8915348649024963
2023-09-29 02:42: epoch:829/1000 loss: 0.3017241083023622
2023-09-29 02:42: test acc: 0.8910816311836243
2023-09-29 02:50: epoch:839/1000 loss: 0.3019791896906307
2023-09-29 02:50: test acc: 0.891904354095459
2023-09-29 02:57: epoch:849/1000 loss: 0.3021592157189465
2023-09-29 02:57: test acc: 0.8920064568519592
2023-09-29 03:03: epoch:859/1000 loss: 0.3023374043596642
2023-09-29 03:03: test acc: 0.8915389180183411
2023-09-29 03:10: epoch:869/1000 loss: 0.30202327854245703
2023-09-29 03:10: test acc: 0.8916573524475098
2023-09-29 03:17: epoch:879/1000 loss: 0.30115661383617176
2023-09-29 03:17: test acc: 0.8916348814964294
2023-09-29 03:24: epoch:889/1000 loss: 0.3020630015622557
2023-09-29 03:24: test acc: 0.8911939263343811
2023-09-29 03:31: epoch:899/1000 loss: 0.30076984343574614
2023-09-29 03:31: test acc: 0.892045259475708
2023-09-29 03:38: epoch:909/1000 loss: 0.30127625818875875
2023-09-29 03:38: test acc: 0.8918206691741943
2023-09-29 03:45: epoch:919/1000 loss: 0.3010542147579126
2023-09-29 03:45: test acc: 0.8914245963096619
2023-09-29 03:51: epoch:929/1000 loss: 0.301178597639642
2023-09-29 03:51: test acc: 0.8921248912811279
2023-09-29 03:58: epoch:939/1000 loss: 0.3007266415586459
2023-09-29 03:58: test acc: 0.8914695382118225
2023-09-29 04:04: epoch:949/1000 loss: 0.30089987461898476
2023-09-29 04:04: test acc: 0.8916308283805847
2023-09-29 04:11: epoch:959/1000 loss: 0.3008939212786483
2023-09-29 04:11: test acc: 0.8916798233985901
2023-09-29 04:17: epoch:969/1000 loss: 0.3011758649295393
2023-09-29 04:17: test acc: 0.891179621219635
2023-09-29 04:22: epoch:979/1000 loss: 0.30047627172159086
2023-09-29 04:22: test acc: 0.8911612033843994
2023-09-29 04:28: epoch:989/1000 loss: 0.3010178233621464
2023-09-29 04:28: test acc: 0.8913756012916565
2023-09-29 04:34: epoch:999/1000 loss: 0.30120000323683116
2023-09-29 04:34: test acc: 0.8916124105453491
2023-09-29 04:34: best_test_acc: 0.8935090899467468
2023-09-29 04:34: best epoch: 0
2023-09-29 04:34: []
2023-09-29 04:34: []
2023-09-29 04:34: overall accuraccy: 
2023-09-29 04:34: 0.8916124105453491
