2023-08-10 07:31: attention_dropout: 0.3
2023-08-10 07:31: batch_size: 1024
2023-08-10 07:31: cuda: True
2023-08-10 07:31: dataset: 'reddit'
2023-08-10 07:31: debug: False
2023-08-10 07:31: device: 'cuda:2'
2023-08-10 07:31: dropout: 0.5
2023-08-10 07:31: encoder_attention_heads: 8
2023-08-10 07:31: encoder_embed_dim: 128
2023-08-10 07:31: encoder_ffn_embed_dim: 256
2023-08-10 07:31: encoder_normalize_before: False
2023-08-10 07:31: epoch: 250
2023-08-10 07:31: gnn_hidden_dim: 128
2023-08-10 07:31: gw_ratio: 0.3
2023-08-10 07:31: init_memory: False
2023-08-10 07:31: log_dir: 'experiments_rebuttal'
2023-08-10 07:31: log_step: 20
2023-08-10 07:31: lr: 0.001
2023-08-10 07:31: mem_slots: 32
2023-08-10 07:31: mode: 'train'
2023-08-10 07:31: model: 'GCN_GW'
2023-08-10 07:31: node2vec_emb_dim: 128
2023-08-10 07:31: null_attention: False
2023-08-10 07:31: num_layers: 2
2023-08-10 07:31: num_parts: 6000
2023-08-10 07:31: num_steps: 3
2023-08-10 07:31: regressive: False
2023-08-10 07:31: seed: 1
2023-08-10 07:31: self_attention: True
2023-08-10 07:31: shared_memory_attention: True
2023-08-10 07:31: shared_memory_percentage: 0.3
2023-08-10 07:31: test_ratio: 0.2
2023-08-10 07:31: topk: 3
2023-08-10 07:31: topk_ratio: 1.0
2023-08-10 07:31: train_ratio: 0.6
2023-08-10 07:31: use_nfm: False
2023-08-10 07:31: use_topk: False
2023-08-10 07:31: valid_ratio: 0.2
2023-08-10 07:34: epoch:9/1000 loss: 0.39552023460918595
2023-08-10 07:34: test acc: 0.9203528165817261
2023-08-10 07:38: epoch:19/1000 loss: 0.2955619979870908
2023-08-10 07:38: test acc: 0.9321142435073853
2023-08-10 07:41: epoch:29/1000 loss: 0.2595324096114322
2023-08-10 07:41: test acc: 0.9372008442878723
2023-08-10 07:45: epoch:39/1000 loss: 0.23753034737193818
2023-08-10 07:45: test acc: 0.9390466213226318
2023-08-10 07:48: epoch:49/1000 loss: 0.22065438571644816
2023-08-10 07:48: test acc: 0.9399909377098083
2023-08-10 07:52: epoch:59/1000 loss: 0.20687596545983977
2023-08-10 07:52: test acc: 0.94080650806427
2023-08-10 07:55: epoch:69/1000 loss: 0.19652197962644177
2023-08-10 07:55: test acc: 0.9403128623962402
2023-08-10 07:59: epoch:79/1000 loss: 0.18422112824029815
2023-08-10 07:59: test acc: 0.9415577054023743
2023-08-10 08:03: epoch:89/1000 loss: 0.17663797877739545
2023-08-10 08:03: test acc: 0.941321611404419
2023-08-10 08:07: epoch:99/1000 loss: 0.16967756188466993
2023-08-10 08:07: test acc: 0.9422659873962402
2023-08-10 08:12: epoch:109/1000 loss: 0.16412080458389014
2023-08-10 08:12: test acc: 0.9411928653717041
2023-08-10 08:17: epoch:119/1000 loss: 0.15603053480288018
2023-08-10 08:17: test acc: 0.9428669214248657
2023-08-10 08:22: epoch:129/1000 loss: 0.15133231863526486
2023-08-10 08:22: test acc: 0.9421800971031189
2023-08-10 08:27: epoch:139/1000 loss: 0.14635087748035974
2023-08-10 08:27: test acc: 0.9413430690765381
2023-08-10 08:32: epoch:149/1000 loss: 0.13998631567754566
2023-08-10 08:32: test acc: 0.942051351070404
2023-08-10 08:35: epoch:159/1000 loss: 0.13605806332080678
2023-08-10 08:35: test acc: 0.9405918717384338
2023-08-10 08:39: epoch:169/1000 loss: 0.13684850124433134
2023-08-10 08:39: test acc: 0.9418152570724487
2023-08-10 08:43: epoch:179/1000 loss: 0.13007807220653947
2023-08-10 08:43: test acc: 0.9414289593696594
2023-08-10 08:48: epoch:189/1000 loss: 0.12420264661588423
2023-08-10 08:48: test acc: 0.9409782290458679
2023-08-10 08:53: epoch:199/1000 loss: 0.12172182256438088
2023-08-10 08:53: test acc: 0.9411069750785828
2023-08-10 08:58: epoch:209/1000 loss: 0.12049877564851971
2023-08-10 08:58: test acc: 0.9395402669906616
2023-08-10 09:03: epoch:219/1000 loss: 0.1202682148106872
2023-08-10 09:03: test acc: 0.9410640597343445
2023-08-10 09:07: epoch:229/1000 loss: 0.11522076949167508
2023-08-10 09:07: test acc: 0.9422445297241211
2023-08-10 09:12: epoch:239/1000 loss: 0.11060726695026395
2023-08-10 09:12: test acc: 0.94080650806427
2023-08-10 09:16: epoch:249/1000 loss: 0.11109669323039731
2023-08-10 09:16: test acc: 0.9411069750785828
2023-08-10 09:16: best_test_acc:0.9428669214248657
2023-08-10 09:16: best epoch: 0
2023-08-10 09:16: []
2023-08-10 09:16: []
2023-08-10 09:16: overall accuraccy:
2023-08-10 09:16: 0.9411069750785828
