2023-09-29 12:11: attention_dropout: 0.3
2023-09-29 12:11: batch_size: 1
2023-09-29 12:11: cuda: True
2023-09-29 12:11: dataset: 'wikics'
2023-09-29 12:11: debug: False
2023-09-29 12:11: device: 'cuda:2'
2023-09-29 12:11: dropout: 0.5
2023-09-29 12:11: encoder_attention_heads: 4
2023-09-29 12:11: encoder_embed_dim: 128
2023-09-29 12:11: encoder_ffn_embed_dim: 256
2023-09-29 12:11: encoder_normalize_before: False
2023-09-29 12:11: epoch: 100
2023-09-29 12:11: gnn_hidden_dim: 128
2023-09-29 12:11: gw_ratio: 0.3
2023-09-29 12:11: init_memory: False
2023-09-29 12:11: log_dir: 'experiments_rebuttal'
2023-09-29 12:11: log_step: 20
2023-09-29 12:11: lr: 0.01
2023-09-29 12:11: mem_slots: 16
2023-09-29 12:11: mode: 'train'
2023-09-29 12:11: model: 'GCN_GW'
2023-09-29 12:11: node2vec_emb_dim: 128
2023-09-29 12:11: null_attention: False
2023-09-29 12:11: num_layers: 2
2023-09-29 12:11: num_parts: 1
2023-09-29 12:11: num_steps: 3
2023-09-29 12:11: regressive: False
2023-09-29 12:11: seed: 3407
2023-09-29 12:11: self_attention: True
2023-09-29 12:11: shared_memory_attention: True
2023-09-29 12:11: test_ratio: 0.2
2023-09-29 12:11: topk: 3
2023-09-29 12:11: topk_ratio: 1.0
2023-09-29 12:11: train_ratio: 0.6
2023-09-29 12:11: use_nfm: False
2023-09-29 12:11: use_topk: False
2023-09-29 12:11: valid_ratio: 0.2
2023-09-29 12:11: epoch:9/100 loss: 0.8642066121101379
2023-09-29 12:11: test acc: 0.7706108093261719
2023-09-29 12:12: epoch:19/100 loss: 0.669561505317688
2023-09-29 12:12: test acc: 0.8064929246902466
2023-09-29 12:12: epoch:29/100 loss: 0.6053553819656372
2023-09-29 12:12: test acc: 0.8137547969818115
2023-09-29 12:12: epoch:39/100 loss: 0.5529248714447021
2023-09-29 12:12: test acc: 0.823152482509613
2023-09-29 12:13: epoch:49/100 loss: 0.5181859731674194
2023-09-29 12:13: test acc: 0.8308414816856384
2023-09-29 12:13: epoch:59/100 loss: 0.48361554741859436
2023-09-29 12:13: test acc: 0.8316958546638489
2023-09-29 12:13: epoch:69/100 loss: 0.4497247040271759
2023-09-29 12:13: test acc: 0.8321229815483093
2023-09-29 12:13: epoch:79/100 loss: 0.4188930094242096
2023-09-29 12:13: test acc: 0.8329773545265198
2023-09-29 12:14: epoch:89/100 loss: 0.38932114839553833
2023-09-29 12:14: test acc: 0.827424168586731
2023-09-29 12:14: epoch:99/100 loss: 0.35685718059539795
2023-09-29 12:14: test acc: 0.8299871683120728
2023-09-29 12:14: best_test_acc: 0.8329773545265198
2023-09-29 12:14: best epoch: 0
2023-09-29 12:14: []
2023-09-29 12:14: []
2023-09-29 12:14: overall accuraccy: 
2023-09-29 12:14: 0.8299871683120728
